<?xml version="1.0" encoding="UTF-8"?>
<testsuite name="sparkle.ProcesoSpec" tests="4" skipped="0" failures="0" errors="0" timestamp="2018-05-07T15:48:48" hostname="Necronomicon" time="0.007">
  <properties/>
  <testcase name="cuando creo un nuevo proceso el estado es no iniciada" classname="sparkle.ProcesoSpec" time="0.002"/>
  <testcase name="cuando creo un nuevo proceso no tiene pasos" classname="sparkle.ProcesoSpec" time="0.0"/>
  <testcase name="dado un nuevo proceso cuando agrego un paso entonces el paso se agrega" classname="sparkle.ProcesoSpec" time="0.003"/>
  <testcase name="dado un proceso con un paso cuando agrego otro paso entonces el segundo paso tiene como paso anterior al primero" classname="sparkle.ProcesoSpec" time="0.002"/>
  <system-out><![CDATA[]]></system-out>
  <system-err><![CDATA[]]></system-err>
</testsuite>
